<?xml version="1.0" encoding="UTF-8"?>
<!-- Generated by org.testng.reporters.JUnitReportReporter -->
<testsuite hostname="dell-vostro-3515" failures="0" tests="9" name="LoginFunctionality.NegativeCase.LoginFunctionalityTest" time="33.093" errors="0" timestamp="2023-06-17T21:24:17 AMT" skipped="0">
  <testcase classname="LoginFunctionality.NegativeCase.LoginFunctionalityTest" name="OpenMenuAm" time="14.393"/>
  <testcase classname="LoginFunctionality.NegativeCase.LoginFunctionalityTest" name="WrongEmailCase" time="4.266"/>
  <testcase classname="LoginFunctionality.NegativeCase.LoginFunctionalityTest" name="EmptyEmailFieldCase" time="2.505"/>
  <testcase classname="LoginFunctionality.NegativeCase.LoginFunctionalityTest" name="WrongPasswordCase" time="2.963"/>
  <testcase classname="LoginFunctionality.NegativeCase.LoginFunctionalityTest" name="EmptyPasswordCase" time="2.679"/>
  <testcase classname="LoginFunctionality.NegativeCase.LoginFunctionalityTest" name="MoveToTheResetPasswordPage" time="4.598"/>
  <testcase classname="LoginFunctionality.NegativeCase.LoginFunctionalityTest" name="ResetPasswordEmptyPhoneNumberField" time="0.721"/>
  <testcase classname="LoginFunctionality.NegativeCase.LoginFunctionalityTest" name="ResetPasswordByWrongPhoneNumber" time="0.483"/>
  <testcase classname="LoginFunctionality.NegativeCase.LoginFunctionalityTest" name="ResetPasswordByWrongEmailField" time="0.485"/>
</testsuite> <!-- LoginFunctionality.NegativeCase.LoginFunctionalityTest -->
